<?xml version="1.0" encoding="UTF-8"?>
<!-- Generated by org.testng.reporters.JUnitXMLReporter -->
<testsuite ignored="0" hostname="LAPTOP-QMTC14CJ" failures="0" tests="4" name="FirefoxTest" time="0.023" errors="0" timestamp="2023-05-10T20:59:27 IST">
  <testcase classname="com.qalegend.qa.testcases.LoginPageTestCases" name="@BeforeMethod setUp" time="0.0">
    <failure type="org.openqa.selenium.NoSuchSessionException" message="Session ID is null. Using WebDriver after calling quit()?
Build info: version: &amp;apos;4.8.3&amp;apos;, revision: &amp;apos;e5e76298c3&amp;apos;
System info: os.name: &amp;apos;Windows 10&amp;apos;, os.arch: &amp;apos;amd64&amp;apos;, os.version: &amp;apos;10.0&amp;apos;, java.version: &amp;apos;15.0.2&amp;apos;
Driver info: org.openqa.selenium.chrome.ChromeDriver
Command: [null, maximizeCurrentWindow {}]
Capabilities {acceptInsecureCerts: false, browserName: chrome, browserVersion: 112.0.5615.138, chrome: {chromedriverVersion: 112.0.5615.49 (bd2a7bcb881c..., userDataDir: C:\Users\nithi\AppData\Loca...}, goog:chromeOptions: {debuggerAddress: localhost:56950}, networkConnectionEnabled: false, pageLoadStrategy: normal, platformName: WINDOWS, proxy: Proxy(), se:cdp: ws://localhost:56950/devtoo..., se:cdpVersion: 112.0.5615.138, setWindowRect: true, strictFileInteractability: false, timeouts: {implicit: 0, pageLoad: 300000, script: 30000}, unhandledPromptBehavior: dismiss and notify, webauthn:extension:credBlob: true, webauthn:extension:largeBlob: true, webauthn:extension:minPinLength: true, webauthn:extension:prf: true, webauthn:virtualAuthenticators: true}">
      <![CDATA[org.openqa.selenium.NoSuchSessionException: Session ID is null. Using WebDriver after calling quit()?
Build info: version: '4.8.3', revision: 'e5e76298c3'
System info: os.name: 'Windows 10', os.arch: 'amd64', os.version: '10.0', java.version: '15.0.2'
Driver info: org.openqa.selenium.chrome.ChromeDriver
Command: [null, maximizeCurrentWindow {}]
Capabilities {acceptInsecureCerts: false, browserName: chrome, browserVersion: 112.0.5615.138, chrome: {chromedriverVersion: 112.0.5615.49 (bd2a7bcb881c..., userDataDir: C:\Users\nithi\AppData\Loca...}, goog:chromeOptions: {debuggerAddress: localhost:56950}, networkConnectionEnabled: false, pageLoadStrategy: normal, platformName: WINDOWS, proxy: Proxy(), se:cdp: ws://localhost:56950/devtoo..., se:cdpVersion: 112.0.5615.138, setWindowRect: true, strictFileInteractability: false, timeouts: {implicit: 0, pageLoad: 300000, script: 30000}, unhandledPromptBehavior: dismiss and notify, webauthn:extension:credBlob: true, webauthn:extension:largeBlob: true, webauthn:extension:minPinLength: true, webauthn:extension:prf: true, webauthn:virtualAuthenticators: true}
at org.openqa.selenium.remote.HttpCommandExecutor.execute(HttpCommandExecutor.java:154)
at org.openqa.selenium.remote.service.DriverCommandExecutor.invokeExecute(DriverCommandExecutor.java:183)
at org.openqa.selenium.remote.service.DriverCommandExecutor.execute(DriverCommandExecutor.java:158)
at org.openqa.selenium.remote.RemoteWebDriver.execute(RemoteWebDriver.java:543)
at org.openqa.selenium.remote.RemoteWebDriver.execute(RemoteWebDriver.java:598)
at org.openqa.selenium.remote.RemoteWebDriver.execute(RemoteWebDriver.java:602)
at org.openqa.selenium.remote.RemoteWebDriver$RemoteWebDriverOptions$RemoteWindow.maximize(RemoteWebDriver.java:953)
at com.qalegend.qa.base.TestBase.initialization(TestBase.java:51)
at com.qalegend.qa.testcases.LoginPageTestCases.setUp(LoginPageTestCases.java:38)
at java.base/java.util.ArrayList.forEach(ArrayList.java:1511)
... Removed 31 stack frames]]>
    </failure>
  </testcase> <!-- @BeforeMethod setUp -->
  <testcase classname="com.qalegend.qa.testcases.LoginPageTestCases" name="@AfterMethod quit" time="-1.68373256796E9">
    <skipped/>
  </testcase> <!-- @AfterMethod quit -->
  <testcase classname="com.qalegend.qa.testcases.LoginPageTestCases" name="@BeforeMethod setUp" time="-1.683732567962E9">
    <skipped/>
  </testcase> <!-- @BeforeMethod setUp -->
  <testcase classname="com.qalegend.qa.testcases.LoginPageTestCases" name="@AfterMethod quit" time="-1.683732567965E9">
    <skipped/>
  </testcase> <!-- @AfterMethod quit -->
  <testcase classname="com.qalegend.qa.testcases.LoginPageTestCases" name="@BeforeMethod setUp" time="-1.683732567968E9">
    <skipped/>
  </testcase> <!-- @BeforeMethod setUp -->
  <testcase classname="com.qalegend.qa.testcases.LoginPageTestCases" name="@AfterMethod quit" time="-1.683732567972E9">
    <skipped/>
  </testcase> <!-- @AfterMethod quit -->
  <testcase classname="com.qalegend.qa.testcases.LoginPageTestCases" name="@BeforeMethod setUp" time="-1.683732567973E9">
    <skipped/>
  </testcase> <!-- @BeforeMethod setUp -->
  <testcase classname="com.qalegend.qa.testcases.LoginPageTestCases" name="@AfterMethod quit" time="-1.683732567976E9">
    <skipped/>
  </testcase> <!-- @AfterMethod quit -->
  <testcase classname="com.qalegend.qa.testcases.LoginPageTestCases" name="loginWithValidDetails" time="0.0">
    <skipped/>
  </testcase> <!-- loginWithValidDetails -->
  <testcase classname="com.qalegend.qa.testcases.LoginPageTestCases" name="loginWithInvalidDetails" time="0.0">
    <skipped/>
  </testcase> <!-- loginWithInvalidDetails -->
  <testcase classname="com.qalegend.qa.testcases.LoginPageTestCases" name="forgotPasswordWithValidEmail" time="0.0">
    <skipped/>
  </testcase> <!-- forgotPasswordWithValidEmail -->
  <testcase classname="com.qalegend.qa.testcases.LoginPageTestCases" name="forgotPasswordWithInvalidEmail" time="0.0">
    <skipped/>
  </testcase> <!-- forgotPasswordWithInvalidEmail -->
</testsuite> <!-- FirefoxTest -->
